Terminals unused in grammar

    CUE_SEMI_COLON
    CUE_CD_TEXT
    CUE_UNDEFINED


State 3 conflicts: 19 shift/reduce, 1 reduce/reduce
State 29 conflicts: 6 shift/reduce
State 31 conflicts: 6 shift/reduce
State 57 conflicts: 6 shift/reduce
State 79 conflicts: 18 shift/reduce
State 88 conflicts: 6 shift/reduce
State 89 conflicts: 18 shift/reduce
State 104 conflicts: 6 shift/reduce
State 105 conflicts: 6 shift/reduce
State 125 conflicts: 6 shift/reduce


Grammar

    0 $accept: cue_main $end

    1 cue_main: cue_header_item cue_session_type cue_main_items cue_main_tracks
    2         | cue_header_item cue_main_items cue_file cue_main_items cue_main_tracks

    3 cue_header_item: %empty
    4                | cue_catalog

    5 cue_session_type: %empty
    6                 | cue_cd_da
    7                 | cue_cd_rom
    8                 | cue_cd_rom_xa

    9 cue_main_items: %empty
   10               | cue_main_item cue_main_items

   11 cue_main_item: cue_cdtextfile
   12              | cue_cdtext
   13              | cue_remark_item
   14              | cue_empty_line

   15 cue_main_tracks: %empty
   16                | cue_main_track cue_main_tracks

   17 cue_main_track: cue_main_track_preceding_items cue_track cue_main_track_leading_items cue_main_track_index_items cue_main_track_trailing_items

   18 cue_main_track_preceding_items: %empty
   19                               | cue_main_track_preceding_item cue_main_track_preceding_items

   20 cue_main_track_preceding_item: cue_file
   21                              | cue_remark_item
   22                              | cue_empty_line

   23 cue_main_track_leading_items: %empty
   24                             | cue_main_track_leading_item cue_main_track_leading_items

   25 cue_main_track_leading_item: cue_cdtext
   26                            | cue_flags
   27                            | cue_isrc
   28                            | cue_pregap
   29                            | cue_remark_item
   30                            | cue_empty_line

   31 cue_main_track_index_items: %empty
   32                           | cue_main_track_index_item cue_main_track_index_items

   33 cue_main_track_index_item: cue_index
   34                          | cue_remark_item
   35                          | cue_empty_line

   36 cue_main_track_trailing_items: %empty
   37                              | cue_main_track_trailing_item cue_main_track_trailing_items

   38 cue_main_track_trailing_item: cue_cdtext
   39                             | cue_copy
   40                             | cue_datafile
   41                             | cue_four_channel_audio
   42                             | cue_no_copy
   43                             | cue_no_pre_emphasis
   44                             | cue_postgap
   45                             | cue_pre_emphasis
   46                             | cue_two_channel_audio
   47                             | cue_remark_item
   48                             | cue_empty_line

   49 cue_catalog: CUE_CATALOG CUE_CATALOG_NUMBER CUE_END_OF_LINE

   50 cue_cdtext: cue_cdtext_type CUE_STRING CUE_END_OF_LINE

   51 cue_cdtext_type: CUE_CDTEXT_ARRANGER
   52                | CUE_CDTEXT_COMPOSER
   53                | CUE_CDTEXT_DISC_ID
   54                | CUE_CDTEXT_GENRE
   55                | CUE_CDTEXT_MESSAGE
   56                | CUE_CDTEXT_PERFORMER
   57                | CUE_CDTEXT_SIZE_INFO
   58                | CUE_CDTEXT_SONGWRITER
   59                | CUE_CDTEXT_TITLE
   60                | CUE_CDTEXT_TOC_INFO1
   61                | CUE_CDTEXT_TOC_INFO2
   62                | CUE_CDTEXT_UPC_EAN

   63 cue_cd_da: CUE_CD_DA CUE_END_OF_LINE

   64 cue_cd_rom: CUE_CD_ROM CUE_END_OF_LINE

   65 cue_cd_rom_xa: CUE_CD_ROM_XA CUE_END_OF_LINE

   66 cue_cdtextfile: CUE_CDTEXTFILE CUE_STRING CUE_END_OF_LINE

   67 cue_file: CUE_FILE CUE_STRING CUE_KEYWORD_STRING CUE_END_OF_LINE

   68 cue_flags: CUE_FLAGS cue_flags_types CUE_END_OF_LINE

   69 cue_flags_types: %empty
   70                | CUE_KEYWORD_STRING cue_flags_types

   71 cue_index: CUE_INDEX CUE_2DIGIT CUE_MSF CUE_END_OF_LINE

   72 cue_copy: CUE_COPY CUE_END_OF_LINE

   73 cue_datafile: CUE_DATAFILE CUE_STRING CUE_MSF CUE_END_OF_LINE

   74 cue_four_channel_audio: CUE_FOUR_CHANNEL_AUDIO CUE_END_OF_LINE

   75 cue_isrc: CUE_ISRC CUE_ISRC_CODE CUE_END_OF_LINE

   76 cue_no_copy: CUE_NO_COPY CUE_END_OF_LINE

   77 cue_no_pre_emphasis: CUE_NO_PRE_EMPHASIS CUE_END_OF_LINE

   78 cue_postgap: CUE_POSTGAP CUE_MSF CUE_END_OF_LINE

   79 cue_pre_emphasis: CUE_PRE_EMPHASIS CUE_END_OF_LINE

   80 cue_pregap: CUE_PREGAP CUE_MSF CUE_END_OF_LINE

   81 cue_two_channel_audio: CUE_TWO_CHANNEL_AUDIO CUE_END_OF_LINE

   82 cue_remark_item: cue_lead_out
   83                | cue_original_media_type
   84                | cue_remark
   85                | cue_run_out
   86                | cue_session

   87 cue_lead_out: CUE_REMARK_LEAD_OUT CUE_MSF CUE_END_OF_LINE

   88 cue_original_media_type: CUE_REMARK_ORIGINAL_MEDIA_TYPE CUE_KEYWORD_STRING CUE_END_OF_LINE

   89 cue_remark: cue_remark_start error CUE_END_OF_LINE

   90 cue_remark_start: CUE_REMARK

   91 cue_run_out: CUE_REMARK_RUN_OUT CUE_MSF CUE_END_OF_LINE

   92 cue_session: CUE_REMARK_SESSION CUE_2DIGIT CUE_END_OF_LINE

   93 cue_track: CUE_TRACK CUE_KEYWORD_STRING CUE_END_OF_LINE
   94          | CUE_TRACK CUE_2DIGIT CUE_KEYWORD_STRING CUE_END_OF_LINE

   95 cue_empty_line: CUE_END_OF_LINE


Terminals, with rules where they appear

    $end (0) 0
    error (256) 89
    CUE_END_OF_LINE (258) 49 50 63 64 65 66 67 68 71 72 73 74 75 76 77 78 79 80 81 87 88 89 91 92 93 94 95
    CUE_SEMI_COLON (259)
    CUE_2DIGIT <string_value> (260) 71 92 94
    CUE_CATALOG_NUMBER <string_value> (261) 49
    CUE_ISRC_CODE <string_value> (262) 75
    CUE_KEYWORD_STRING <string_value> (263) 67 70 88 93 94
    CUE_MSF <string_value> (264) 71 73 78 80 87 91
    CUE_STRING <string_value> (265) 50 66 67 73
    CUE_CATALOG (266) 49
    CUE_CD_DA (267) 63
    CUE_CD_ROM (268) 64
    CUE_CD_ROM_XA (269) 65
    CUE_CD_TEXT (270)
    CUE_CDTEXTFILE (271) 66
    CUE_COPY (272) 72
    CUE_DATAFILE (273) 73
    CUE_FLAGS (274) 68
    CUE_FOUR_CHANNEL_AUDIO (275) 74
    CUE_FILE (276) 67
    CUE_INDEX (277) 71
    CUE_ISRC (278) 75
    CUE_NO_COPY (279) 76
    CUE_NO_PRE_EMPHASIS (280) 77
    CUE_POSTGAP (281) 78
    CUE_PRE_EMPHASIS (282) 79
    CUE_PREGAP (283) 80
    CUE_REMARK (284) 90
    CUE_TRACK (285) 93 94
    CUE_TWO_CHANNEL_AUDIO (286) 81
    CUE_CDTEXT_ARRANGER (287) 51
    CUE_CDTEXT_COMPOSER (288) 52
    CUE_CDTEXT_DISC_ID (289) 53
    CUE_CDTEXT_GENRE (290) 54
    CUE_CDTEXT_MESSAGE (291) 55
    CUE_CDTEXT_PERFORMER (292) 56
    CUE_CDTEXT_SIZE_INFO (293) 57
    CUE_CDTEXT_SONGWRITER (294) 58
    CUE_CDTEXT_TITLE (295) 59
    CUE_CDTEXT_TOC_INFO1 (296) 60
    CUE_CDTEXT_TOC_INFO2 (297) 61
    CUE_CDTEXT_UPC_EAN (298) 62
    CUE_REMARK_LEAD_OUT (299) 87
    CUE_REMARK_ORIGINAL_MEDIA_TYPE (300) 88
    CUE_REMARK_RUN_OUT (301) 91
    CUE_REMARK_SESSION (302) 92
    CUE_UNDEFINED (303)


Nonterminals, with rules where they appear

    $accept (49)
        on left: 0
    cue_main (50)
        on left: 1 2
        on right: 0
    cue_header_item (51)
        on left: 3 4
        on right: 1 2
    cue_session_type (52)
        on left: 5 6 7 8
        on right: 1
    cue_main_items (53)
        on left: 9 10
        on right: 1 2 10
    cue_main_item (54)
        on left: 11 12 13 14
        on right: 10
    cue_main_tracks (55)
        on left: 15 16
        on right: 1 2 16
    cue_main_track (56)
        on left: 17
        on right: 16
    cue_main_track_preceding_items (57)
        on left: 18 19
        on right: 17 19
    cue_main_track_preceding_item (58)
        on left: 20 21 22
        on right: 19
    cue_main_track_leading_items (59)
        on left: 23 24
        on right: 17 24
    cue_main_track_leading_item (60)
        on left: 25 26 27 28 29 30
        on right: 24
    cue_main_track_index_items (61)
        on left: 31 32
        on right: 17 32
    cue_main_track_index_item (62)
        on left: 33 34 35
        on right: 32
    cue_main_track_trailing_items (63)
        on left: 36 37
        on right: 17 37
    cue_main_track_trailing_item (64)
        on left: 38 39 40 41 42 43 44 45 46 47 48
        on right: 37
    cue_catalog (65)
        on left: 49
        on right: 4
    cue_cdtext (66)
        on left: 50
        on right: 12 25 38
    cue_cdtext_type (67)
        on left: 51 52 53 54 55 56 57 58 59 60 61 62
        on right: 50
    cue_cd_da (68)
        on left: 63
        on right: 6
    cue_cd_rom (69)
        on left: 64
        on right: 7
    cue_cd_rom_xa (70)
        on left: 65
        on right: 8
    cue_cdtextfile (71)
        on left: 66
        on right: 11
    cue_file (72)
        on left: 67
        on right: 2 20
    cue_flags (73)
        on left: 68
        on right: 26
    cue_flags_types (74)
        on left: 69 70
        on right: 68 70
    cue_index (75)
        on left: 71
        on right: 33
    cue_copy (76)
        on left: 72
        on right: 39
    cue_datafile (77)
        on left: 73
        on right: 40
    cue_four_channel_audio (78)
        on left: 74
        on right: 41
    cue_isrc (79)
        on left: 75
        on right: 27
    cue_no_copy (80)
        on left: 76
        on right: 42
    cue_no_pre_emphasis (81)
        on left: 77
        on right: 43
    cue_postgap (82)
        on left: 78
        on right: 44
    cue_pre_emphasis (83)
        on left: 79
        on right: 45
    cue_pregap (84)
        on left: 80
        on right: 28
    cue_two_channel_audio (85)
        on left: 81
        on right: 46
    cue_remark_item (86)
        on left: 82 83 84 85 86
        on right: 13 21 29 34 47
    cue_lead_out (87)
        on left: 87
        on right: 82
    cue_original_media_type (88)
        on left: 88
        on right: 83
    cue_remark (89)
        on left: 89
        on right: 84
    cue_remark_start (90)
        on left: 90
        on right: 89
    cue_run_out (91)
        on left: 91
        on right: 85
    cue_session (92)
        on left: 92
        on right: 86
    cue_track (93)
        on left: 93 94
        on right: 17
    cue_empty_line (94)
        on left: 95
        on right: 14 22 30 35 48


State 0

    0 $accept: . cue_main $end

    CUE_CATALOG  shift, and go to state 1

    $default  reduce using rule 3 (cue_header_item)

    cue_main         go to state 2
    cue_header_item  go to state 3
    cue_catalog      go to state 4


State 1

   49 cue_catalog: CUE_CATALOG . CUE_CATALOG_NUMBER CUE_END_OF_LINE

    CUE_CATALOG_NUMBER  shift, and go to state 5


State 2

    0 $accept: cue_main . $end

    $end  shift, and go to state 6


State 3

    1 cue_main: cue_header_item . cue_session_type cue_main_items cue_main_tracks
    2         | cue_header_item . cue_main_items cue_file cue_main_items cue_main_tracks

    CUE_END_OF_LINE                 shift, and go to state 7
    CUE_CD_DA                       shift, and go to state 8
    CUE_CD_ROM                      shift, and go to state 9
    CUE_CD_ROM_XA                   shift, and go to state 10
    CUE_CDTEXTFILE                  shift, and go to state 11
    CUE_REMARK                      shift, and go to state 12
    CUE_CDTEXT_ARRANGER             shift, and go to state 13
    CUE_CDTEXT_COMPOSER             shift, and go to state 14
    CUE_CDTEXT_DISC_ID              shift, and go to state 15
    CUE_CDTEXT_GENRE                shift, and go to state 16
    CUE_CDTEXT_MESSAGE              shift, and go to state 17
    CUE_CDTEXT_PERFORMER            shift, and go to state 18
    CUE_CDTEXT_SIZE_INFO            shift, and go to state 19
    CUE_CDTEXT_SONGWRITER           shift, and go to state 20
    CUE_CDTEXT_TITLE                shift, and go to state 21
    CUE_CDTEXT_TOC_INFO1            shift, and go to state 22
    CUE_CDTEXT_TOC_INFO2            shift, and go to state 23
    CUE_CDTEXT_UPC_EAN              shift, and go to state 24
    CUE_REMARK_LEAD_OUT             shift, and go to state 25
    CUE_REMARK_ORIGINAL_MEDIA_TYPE  shift, and go to state 26
    CUE_REMARK_RUN_OUT              shift, and go to state 27
    CUE_REMARK_SESSION              shift, and go to state 28

    CUE_END_OF_LINE                 [reduce using rule 5 (cue_session_type)]
    CUE_CDTEXTFILE                  [reduce using rule 5 (cue_session_type)]
    CUE_FILE                        reduce using rule 5 (cue_session_type)
    CUE_FILE                        [reduce using rule 9 (cue_main_items)]
    CUE_REMARK                      [reduce using rule 5 (cue_session_type)]
    CUE_CDTEXT_ARRANGER             [reduce using rule 5 (cue_session_type)]
    CUE_CDTEXT_COMPOSER             [reduce using rule 5 (cue_session_type)]
    CUE_CDTEXT_DISC_ID              [reduce using rule 5 (cue_session_type)]
    CUE_CDTEXT_GENRE                [reduce using rule 5 (cue_session_type)]
    CUE_CDTEXT_MESSAGE              [reduce using rule 5 (cue_session_type)]
    CUE_CDTEXT_PERFORMER            [reduce using rule 5 (cue_session_type)]
    CUE_CDTEXT_SIZE_INFO            [reduce using rule 5 (cue_session_type)]
    CUE_CDTEXT_SONGWRITER           [reduce using rule 5 (cue_session_type)]
    CUE_CDTEXT_TITLE                [reduce using rule 5 (cue_session_type)]
    CUE_CDTEXT_TOC_INFO1            [reduce using rule 5 (cue_session_type)]
    CUE_CDTEXT_TOC_INFO2            [reduce using rule 5 (cue_session_type)]
    CUE_CDTEXT_UPC_EAN              [reduce using rule 5 (cue_session_type)]
    CUE_REMARK_LEAD_OUT             [reduce using rule 5 (cue_session_type)]
    CUE_REMARK_ORIGINAL_MEDIA_TYPE  [reduce using rule 5 (cue_session_type)]
    CUE_REMARK_RUN_OUT              [reduce using rule 5 (cue_session_type)]
    CUE_REMARK_SESSION              [reduce using rule 5 (cue_session_type)]
    $default                        reduce using rule 5 (cue_session_type)

    cue_session_type         go to state 29
    cue_main_items           go to state 30
    cue_main_item            go to state 31
    cue_cdtext               go to state 32
    cue_cdtext_type          go to state 33
    cue_cd_da                go to state 34
    cue_cd_rom               go to state 35
    cue_cd_rom_xa            go to state 36
    cue_cdtextfile           go to state 37
    cue_remark_item          go to state 38
    cue_lead_out             go to state 39
    cue_original_media_type  go to state 40
    cue_remark               go to state 41
    cue_remark_start         go to state 42
    cue_run_out              go to state 43
    cue_session              go to state 44
    cue_empty_line           go to state 45


State 4

    4 cue_header_item: cue_catalog .

    $default  reduce using rule 4 (cue_header_item)


State 5

   49 cue_catalog: CUE_CATALOG CUE_CATALOG_NUMBER . CUE_END_OF_LINE

    CUE_END_OF_LINE  shift, and go to state 46


State 6

    0 $accept: cue_main $end .

    $default  accept


State 7

   95 cue_empty_line: CUE_END_OF_LINE .

    $default  reduce using rule 95 (cue_empty_line)


State 8

   63 cue_cd_da: CUE_CD_DA . CUE_END_OF_LINE

    CUE_END_OF_LINE  shift, and go to state 47


State 9

   64 cue_cd_rom: CUE_CD_ROM . CUE_END_OF_LINE

    CUE_END_OF_LINE  shift, and go to state 48


State 10

   65 cue_cd_rom_xa: CUE_CD_ROM_XA . CUE_END_OF_LINE

    CUE_END_OF_LINE  shift, and go to state 49


State 11

   66 cue_cdtextfile: CUE_CDTEXTFILE . CUE_STRING CUE_END_OF_LINE

    CUE_STRING  shift, and go to state 50


State 12

   90 cue_remark_start: CUE_REMARK .

    $default  reduce using rule 90 (cue_remark_start)


State 13

   51 cue_cdtext_type: CUE_CDTEXT_ARRANGER .

    $default  reduce using rule 51 (cue_cdtext_type)


State 14

   52 cue_cdtext_type: CUE_CDTEXT_COMPOSER .

    $default  reduce using rule 52 (cue_cdtext_type)


State 15

   53 cue_cdtext_type: CUE_CDTEXT_DISC_ID .

    $default  reduce using rule 53 (cue_cdtext_type)


State 16

   54 cue_cdtext_type: CUE_CDTEXT_GENRE .

    $default  reduce using rule 54 (cue_cdtext_type)


State 17

   55 cue_cdtext_type: CUE_CDTEXT_MESSAGE .

    $default  reduce using rule 55 (cue_cdtext_type)


State 18

   56 cue_cdtext_type: CUE_CDTEXT_PERFORMER .

    $default  reduce using rule 56 (cue_cdtext_type)


State 19

   57 cue_cdtext_type: CUE_CDTEXT_SIZE_INFO .

    $default  reduce using rule 57 (cue_cdtext_type)


State 20

   58 cue_cdtext_type: CUE_CDTEXT_SONGWRITER .

    $default  reduce using rule 58 (cue_cdtext_type)


State 21

   59 cue_cdtext_type: CUE_CDTEXT_TITLE .

    $default  reduce using rule 59 (cue_cdtext_type)


State 22

   60 cue_cdtext_type: CUE_CDTEXT_TOC_INFO1 .

    $default  reduce using rule 60 (cue_cdtext_type)


State 23

   61 cue_cdtext_type: CUE_CDTEXT_TOC_INFO2 .

    $default  reduce using rule 61 (cue_cdtext_type)


State 24

   62 cue_cdtext_type: CUE_CDTEXT_UPC_EAN .

    $default  reduce using rule 62 (cue_cdtext_type)


State 25

   87 cue_lead_out: CUE_REMARK_LEAD_OUT . CUE_MSF CUE_END_OF_LINE

    CUE_MSF  shift, and go to state 51


State 26

   88 cue_original_media_type: CUE_REMARK_ORIGINAL_MEDIA_TYPE . CUE_KEYWORD_STRING CUE_END_OF_LINE

    CUE_KEYWORD_STRING  shift, and go to state 52


State 27

   91 cue_run_out: CUE_REMARK_RUN_OUT . CUE_MSF CUE_END_OF_LINE

    CUE_MSF  shift, and go to state 53


State 28

   92 cue_session: CUE_REMARK_SESSION . CUE_2DIGIT CUE_END_OF_LINE

    CUE_2DIGIT  shift, and go to state 54


State 29

    1 cue_main: cue_header_item cue_session_type . cue_main_items cue_main_tracks

    CUE_END_OF_LINE                 shift, and go to state 7
    CUE_CDTEXTFILE                  shift, and go to state 11
    CUE_REMARK                      shift, and go to state 12
    CUE_CDTEXT_ARRANGER             shift, and go to state 13
    CUE_CDTEXT_COMPOSER             shift, and go to state 14
    CUE_CDTEXT_DISC_ID              shift, and go to state 15
    CUE_CDTEXT_GENRE                shift, and go to state 16
    CUE_CDTEXT_MESSAGE              shift, and go to state 17
    CUE_CDTEXT_PERFORMER            shift, and go to state 18
    CUE_CDTEXT_SIZE_INFO            shift, and go to state 19
    CUE_CDTEXT_SONGWRITER           shift, and go to state 20
    CUE_CDTEXT_TITLE                shift, and go to state 21
    CUE_CDTEXT_TOC_INFO1            shift, and go to state 22
    CUE_CDTEXT_TOC_INFO2            shift, and go to state 23
    CUE_CDTEXT_UPC_EAN              shift, and go to state 24
    CUE_REMARK_LEAD_OUT             shift, and go to state 25
    CUE_REMARK_ORIGINAL_MEDIA_TYPE  shift, and go to state 26
    CUE_REMARK_RUN_OUT              shift, and go to state 27
    CUE_REMARK_SESSION              shift, and go to state 28

    CUE_END_OF_LINE                 [reduce using rule 9 (cue_main_items)]
    CUE_REMARK                      [reduce using rule 9 (cue_main_items)]
    CUE_REMARK_LEAD_OUT             [reduce using rule 9 (cue_main_items)]
    CUE_REMARK_ORIGINAL_MEDIA_TYPE  [reduce using rule 9 (cue_main_items)]
    CUE_REMARK_RUN_OUT              [reduce using rule 9 (cue_main_items)]
    CUE_REMARK_SESSION              [reduce using rule 9 (cue_main_items)]
    $default                        reduce using rule 9 (cue_main_items)

    cue_main_items           go to state 55
    cue_main_item            go to state 31
    cue_cdtext               go to state 32
    cue_cdtext_type          go to state 33
    cue_cdtextfile           go to state 37
    cue_remark_item          go to state 38
    cue_lead_out             go to state 39
    cue_original_media_type  go to state 40
    cue_remark               go to state 41
    cue_remark_start         go to state 42
    cue_run_out              go to state 43
    cue_session              go to state 44
    cue_empty_line           go to state 45


State 30

    2 cue_main: cue_header_item cue_main_items . cue_file cue_main_items cue_main_tracks

    CUE_FILE  shift, and go to state 56

    cue_file  go to state 57


State 31

   10 cue_main_items: cue_main_item . cue_main_items

    CUE_END_OF_LINE                 shift, and go to state 7
    CUE_CDTEXTFILE                  shift, and go to state 11
    CUE_REMARK                      shift, and go to state 12
    CUE_CDTEXT_ARRANGER             shift, and go to state 13
    CUE_CDTEXT_COMPOSER             shift, and go to state 14
    CUE_CDTEXT_DISC_ID              shift, and go to state 15
    CUE_CDTEXT_GENRE                shift, and go to state 16
    CUE_CDTEXT_MESSAGE              shift, and go to state 17
    CUE_CDTEXT_PERFORMER            shift, and go to state 18
    CUE_CDTEXT_SIZE_INFO            shift, and go to state 19
    CUE_CDTEXT_SONGWRITER           shift, and go to state 20
    CUE_CDTEXT_TITLE                shift, and go to state 21
    CUE_CDTEXT_TOC_INFO1            shift, and go to state 22
    CUE_CDTEXT_TOC_INFO2            shift, and go to state 23
    CUE_CDTEXT_UPC_EAN              shift, and go to state 24
    CUE_REMARK_LEAD_OUT             shift, and go to state 25
    CUE_REMARK_ORIGINAL_MEDIA_TYPE  shift, and go to state 26
    CUE_REMARK_RUN_OUT              shift, and go to state 27
    CUE_REMARK_SESSION              shift, and go to state 28

    CUE_END_OF_LINE                 [reduce using rule 9 (cue_main_items)]
    CUE_REMARK                      [reduce using rule 9 (cue_main_items)]
    CUE_REMARK_LEAD_OUT             [reduce using rule 9 (cue_main_items)]
    CUE_REMARK_ORIGINAL_MEDIA_TYPE  [reduce using rule 9 (cue_main_items)]
    CUE_REMARK_RUN_OUT              [reduce using rule 9 (cue_main_items)]
    CUE_REMARK_SESSION              [reduce using rule 9 (cue_main_items)]
    $default                        reduce using rule 9 (cue_main_items)

    cue_main_items           go to state 58
    cue_main_item            go to state 31
    cue_cdtext               go to state 32
    cue_cdtext_type          go to state 33
    cue_cdtextfile           go to state 37
    cue_remark_item          go to state 38
    cue_lead_out             go to state 39
    cue_original_media_type  go to state 40
    cue_remark               go to state 41
    cue_remark_start         go to state 42
    cue_run_out              go to state 43
    cue_session              go to state 44
    cue_empty_line           go to state 45


State 32

   12 cue_main_item: cue_cdtext .

    $default  reduce using rule 12 (cue_main_item)


State 33

   50 cue_cdtext: cue_cdtext_type . CUE_STRING CUE_END_OF_LINE

    CUE_STRING  shift, and go to state 59


State 34

    6 cue_session_type: cue_cd_da .

    $default  reduce using rule 6 (cue_session_type)


State 35

    7 cue_session_type: cue_cd_rom .

    $default  reduce using rule 7 (cue_session_type)


State 36

    8 cue_session_type: cue_cd_rom_xa .

    $default  reduce using rule 8 (cue_session_type)


State 37

   11 cue_main_item: cue_cdtextfile .

    $default  reduce using rule 11 (cue_main_item)


State 38

   13 cue_main_item: cue_remark_item .

    $default  reduce using rule 13 (cue_main_item)


State 39

   82 cue_remark_item: cue_lead_out .

    $default  reduce using rule 82 (cue_remark_item)


State 40

   83 cue_remark_item: cue_original_media_type .

    $default  reduce using rule 83 (cue_remark_item)


State 41

   84 cue_remark_item: cue_remark .

    $default  reduce using rule 84 (cue_remark_item)


State 42

   89 cue_remark: cue_remark_start . error CUE_END_OF_LINE

    error  shift, and go to state 60


State 43

   85 cue_remark_item: cue_run_out .

    $default  reduce using rule 85 (cue_remark_item)


State 44

   86 cue_remark_item: cue_session .

    $default  reduce using rule 86 (cue_remark_item)


State 45

   14 cue_main_item: cue_empty_line .

    $default  reduce using rule 14 (cue_main_item)


State 46

   49 cue_catalog: CUE_CATALOG CUE_CATALOG_NUMBER CUE_END_OF_LINE .

    $default  reduce using rule 49 (cue_catalog)


State 47

   63 cue_cd_da: CUE_CD_DA CUE_END_OF_LINE .

    $default  reduce using rule 63 (cue_cd_da)


State 48

   64 cue_cd_rom: CUE_CD_ROM CUE_END_OF_LINE .

    $default  reduce using rule 64 (cue_cd_rom)


State 49

   65 cue_cd_rom_xa: CUE_CD_ROM_XA CUE_END_OF_LINE .

    $default  reduce using rule 65 (cue_cd_rom_xa)


State 50

   66 cue_cdtextfile: CUE_CDTEXTFILE CUE_STRING . CUE_END_OF_LINE

    CUE_END_OF_LINE  shift, and go to state 61


State 51

   87 cue_lead_out: CUE_REMARK_LEAD_OUT CUE_MSF . CUE_END_OF_LINE

    CUE_END_OF_LINE  shift, and go to state 62


State 52

   88 cue_original_media_type: CUE_REMARK_ORIGINAL_MEDIA_TYPE CUE_KEYWORD_STRING . CUE_END_OF_LINE

    CUE_END_OF_LINE  shift, and go to state 63


State 53

   91 cue_run_out: CUE_REMARK_RUN_OUT CUE_MSF . CUE_END_OF_LINE

    CUE_END_OF_LINE  shift, and go to state 64


State 54

   92 cue_session: CUE_REMARK_SESSION CUE_2DIGIT . CUE_END_OF_LINE

    CUE_END_OF_LINE  shift, and go to state 65


State 55

    1 cue_main: cue_header_item cue_session_type cue_main_items . cue_main_tracks

    CUE_END_OF_LINE                 shift, and go to state 7
    CUE_FILE                        shift, and go to state 56
    CUE_REMARK                      shift, and go to state 12
    CUE_REMARK_LEAD_OUT             shift, and go to state 25
    CUE_REMARK_ORIGINAL_MEDIA_TYPE  shift, and go to state 26
    CUE_REMARK_RUN_OUT              shift, and go to state 27
    CUE_REMARK_SESSION              shift, and go to state 28

    CUE_TRACK  reduce using rule 18 (cue_main_track_preceding_items)
    $default   reduce using rule 15 (cue_main_tracks)

    cue_main_tracks                 go to state 66
    cue_main_track                  go to state 67
    cue_main_track_preceding_items  go to state 68
    cue_main_track_preceding_item   go to state 69
    cue_file                        go to state 70
    cue_remark_item                 go to state 71
    cue_lead_out                    go to state 39
    cue_original_media_type         go to state 40
    cue_remark                      go to state 41
    cue_remark_start                go to state 42
    cue_run_out                     go to state 43
    cue_session                     go to state 44
    cue_empty_line                  go to state 72


State 56

   67 cue_file: CUE_FILE . CUE_STRING CUE_KEYWORD_STRING CUE_END_OF_LINE

    CUE_STRING  shift, and go to state 73


State 57

    2 cue_main: cue_header_item cue_main_items cue_file . cue_main_items cue_main_tracks

    CUE_END_OF_LINE                 shift, and go to state 7
    CUE_CDTEXTFILE                  shift, and go to state 11
    CUE_REMARK                      shift, and go to state 12
    CUE_CDTEXT_ARRANGER             shift, and go to state 13
    CUE_CDTEXT_COMPOSER             shift, and go to state 14
    CUE_CDTEXT_DISC_ID              shift, and go to state 15
    CUE_CDTEXT_GENRE                shift, and go to state 16
    CUE_CDTEXT_MESSAGE              shift, and go to state 17
    CUE_CDTEXT_PERFORMER            shift, and go to state 18
    CUE_CDTEXT_SIZE_INFO            shift, and go to state 19
    CUE_CDTEXT_SONGWRITER           shift, and go to state 20
    CUE_CDTEXT_TITLE                shift, and go to state 21
    CUE_CDTEXT_TOC_INFO1            shift, and go to state 22
    CUE_CDTEXT_TOC_INFO2            shift, and go to state 23
    CUE_CDTEXT_UPC_EAN              shift, and go to state 24
    CUE_REMARK_LEAD_OUT             shift, and go to state 25
    CUE_REMARK_ORIGINAL_MEDIA_TYPE  shift, and go to state 26
    CUE_REMARK_RUN_OUT              shift, and go to state 27
    CUE_REMARK_SESSION              shift, and go to state 28

    CUE_END_OF_LINE                 [reduce using rule 9 (cue_main_items)]
    CUE_REMARK                      [reduce using rule 9 (cue_main_items)]
    CUE_REMARK_LEAD_OUT             [reduce using rule 9 (cue_main_items)]
    CUE_REMARK_ORIGINAL_MEDIA_TYPE  [reduce using rule 9 (cue_main_items)]
    CUE_REMARK_RUN_OUT              [reduce using rule 9 (cue_main_items)]
    CUE_REMARK_SESSION              [reduce using rule 9 (cue_main_items)]
    $default                        reduce using rule 9 (cue_main_items)

    cue_main_items           go to state 74
    cue_main_item            go to state 31
    cue_cdtext               go to state 32
    cue_cdtext_type          go to state 33
    cue_cdtextfile           go to state 37
    cue_remark_item          go to state 38
    cue_lead_out             go to state 39
    cue_original_media_type  go to state 40
    cue_remark               go to state 41
    cue_remark_start         go to state 42
    cue_run_out              go to state 43
    cue_session              go to state 44
    cue_empty_line           go to state 45


State 58

   10 cue_main_items: cue_main_item cue_main_items .

    $default  reduce using rule 10 (cue_main_items)


State 59

   50 cue_cdtext: cue_cdtext_type CUE_STRING . CUE_END_OF_LINE

    CUE_END_OF_LINE  shift, and go to state 75


State 60

   89 cue_remark: cue_remark_start error . CUE_END_OF_LINE

    CUE_END_OF_LINE  shift, and go to state 76


State 61

   66 cue_cdtextfile: CUE_CDTEXTFILE CUE_STRING CUE_END_OF_LINE .

    $default  reduce using rule 66 (cue_cdtextfile)


State 62

   87 cue_lead_out: CUE_REMARK_LEAD_OUT CUE_MSF CUE_END_OF_LINE .

    $default  reduce using rule 87 (cue_lead_out)


State 63

   88 cue_original_media_type: CUE_REMARK_ORIGINAL_MEDIA_TYPE CUE_KEYWORD_STRING CUE_END_OF_LINE .

    $default  reduce using rule 88 (cue_original_media_type)


State 64

   91 cue_run_out: CUE_REMARK_RUN_OUT CUE_MSF CUE_END_OF_LINE .

    $default  reduce using rule 91 (cue_run_out)


State 65

   92 cue_session: CUE_REMARK_SESSION CUE_2DIGIT CUE_END_OF_LINE .

    $default  reduce using rule 92 (cue_session)


State 66

    1 cue_main: cue_header_item cue_session_type cue_main_items cue_main_tracks .

    $default  reduce using rule 1 (cue_main)


State 67

   16 cue_main_tracks: cue_main_track . cue_main_tracks

    CUE_END_OF_LINE                 shift, and go to state 7
    CUE_FILE                        shift, and go to state 56
    CUE_REMARK                      shift, and go to state 12
    CUE_REMARK_LEAD_OUT             shift, and go to state 25
    CUE_REMARK_ORIGINAL_MEDIA_TYPE  shift, and go to state 26
    CUE_REMARK_RUN_OUT              shift, and go to state 27
    CUE_REMARK_SESSION              shift, and go to state 28

    CUE_TRACK  reduce using rule 18 (cue_main_track_preceding_items)
    $default   reduce using rule 15 (cue_main_tracks)

    cue_main_tracks                 go to state 77
    cue_main_track                  go to state 67
    cue_main_track_preceding_items  go to state 68
    cue_main_track_preceding_item   go to state 69
    cue_file                        go to state 70
    cue_remark_item                 go to state 71
    cue_lead_out                    go to state 39
    cue_original_media_type         go to state 40
    cue_remark                      go to state 41
    cue_remark_start                go to state 42
    cue_run_out                     go to state 43
    cue_session                     go to state 44
    cue_empty_line                  go to state 72


State 68

   17 cue_main_track: cue_main_track_preceding_items . cue_track cue_main_track_leading_items cue_main_track_index_items cue_main_track_trailing_items

    CUE_TRACK  shift, and go to state 78

    cue_track  go to state 79


State 69

   19 cue_main_track_preceding_items: cue_main_track_preceding_item . cue_main_track_preceding_items

    CUE_END_OF_LINE                 shift, and go to state 7
    CUE_FILE                        shift, and go to state 56
    CUE_REMARK                      shift, and go to state 12
    CUE_REMARK_LEAD_OUT             shift, and go to state 25
    CUE_REMARK_ORIGINAL_MEDIA_TYPE  shift, and go to state 26
    CUE_REMARK_RUN_OUT              shift, and go to state 27
    CUE_REMARK_SESSION              shift, and go to state 28

    $default  reduce using rule 18 (cue_main_track_preceding_items)

    cue_main_track_preceding_items  go to state 80
    cue_main_track_preceding_item   go to state 69
    cue_file                        go to state 70
    cue_remark_item                 go to state 71
    cue_lead_out                    go to state 39
    cue_original_media_type         go to state 40
    cue_remark                      go to state 41
    cue_remark_start                go to state 42
    cue_run_out                     go to state 43
    cue_session                     go to state 44
    cue_empty_line                  go to state 72


State 70

   20 cue_main_track_preceding_item: cue_file .

    $default  reduce using rule 20 (cue_main_track_preceding_item)


State 71

   21 cue_main_track_preceding_item: cue_remark_item .

    $default  reduce using rule 21 (cue_main_track_preceding_item)


State 72

   22 cue_main_track_preceding_item: cue_empty_line .

    $default  reduce using rule 22 (cue_main_track_preceding_item)


State 73

   67 cue_file: CUE_FILE CUE_STRING . CUE_KEYWORD_STRING CUE_END_OF_LINE

    CUE_KEYWORD_STRING  shift, and go to state 81


State 74

    2 cue_main: cue_header_item cue_main_items cue_file cue_main_items . cue_main_tracks

    CUE_END_OF_LINE                 shift, and go to state 7
    CUE_FILE                        shift, and go to state 56
    CUE_REMARK                      shift, and go to state 12
    CUE_REMARK_LEAD_OUT             shift, and go to state 25
    CUE_REMARK_ORIGINAL_MEDIA_TYPE  shift, and go to state 26
    CUE_REMARK_RUN_OUT              shift, and go to state 27
    CUE_REMARK_SESSION              shift, and go to state 28

    CUE_TRACK  reduce using rule 18 (cue_main_track_preceding_items)
    $default   reduce using rule 15 (cue_main_tracks)

    cue_main_tracks                 go to state 82
    cue_main_track                  go to state 67
    cue_main_track_preceding_items  go to state 68
    cue_main_track_preceding_item   go to state 69
    cue_file                        go to state 70
    cue_remark_item                 go to state 71
    cue_lead_out                    go to state 39
    cue_original_media_type         go to state 40
    cue_remark                      go to state 41
    cue_remark_start                go to state 42
    cue_run_out                     go to state 43
    cue_session                     go to state 44
    cue_empty_line                  go to state 72


State 75

   50 cue_cdtext: cue_cdtext_type CUE_STRING CUE_END_OF_LINE .

    $default  reduce using rule 50 (cue_cdtext)


State 76

   89 cue_remark: cue_remark_start error CUE_END_OF_LINE .

    $default  reduce using rule 89 (cue_remark)


State 77

   16 cue_main_tracks: cue_main_track cue_main_tracks .

    $default  reduce using rule 16 (cue_main_tracks)


State 78

   93 cue_track: CUE_TRACK . CUE_KEYWORD_STRING CUE_END_OF_LINE
   94          | CUE_TRACK . CUE_2DIGIT CUE_KEYWORD_STRING CUE_END_OF_LINE

    CUE_2DIGIT          shift, and go to state 83
    CUE_KEYWORD_STRING  shift, and go to state 84


State 79

   17 cue_main_track: cue_main_track_preceding_items cue_track . cue_main_track_leading_items cue_main_track_index_items cue_main_track_trailing_items

    CUE_END_OF_LINE                 shift, and go to state 7
    CUE_FLAGS                       shift, and go to state 85
    CUE_ISRC                        shift, and go to state 86
    CUE_PREGAP                      shift, and go to state 87
    CUE_REMARK                      shift, and go to state 12
    CUE_CDTEXT_ARRANGER             shift, and go to state 13
    CUE_CDTEXT_COMPOSER             shift, and go to state 14
    CUE_CDTEXT_DISC_ID              shift, and go to state 15
    CUE_CDTEXT_GENRE                shift, and go to state 16
    CUE_CDTEXT_MESSAGE              shift, and go to state 17
    CUE_CDTEXT_PERFORMER            shift, and go to state 18
    CUE_CDTEXT_SIZE_INFO            shift, and go to state 19
    CUE_CDTEXT_SONGWRITER           shift, and go to state 20
    CUE_CDTEXT_TITLE                shift, and go to state 21
    CUE_CDTEXT_TOC_INFO1            shift, and go to state 22
    CUE_CDTEXT_TOC_INFO2            shift, and go to state 23
    CUE_CDTEXT_UPC_EAN              shift, and go to state 24
    CUE_REMARK_LEAD_OUT             shift, and go to state 25
    CUE_REMARK_ORIGINAL_MEDIA_TYPE  shift, and go to state 26
    CUE_REMARK_RUN_OUT              shift, and go to state 27
    CUE_REMARK_SESSION              shift, and go to state 28

    CUE_END_OF_LINE                 [reduce using rule 23 (cue_main_track_leading_items)]
    CUE_REMARK                      [reduce using rule 23 (cue_main_track_leading_items)]
    CUE_CDTEXT_ARRANGER             [reduce using rule 23 (cue_main_track_leading_items)]
    CUE_CDTEXT_COMPOSER             [reduce using rule 23 (cue_main_track_leading_items)]
    CUE_CDTEXT_DISC_ID              [reduce using rule 23 (cue_main_track_leading_items)]
    CUE_CDTEXT_GENRE                [reduce using rule 23 (cue_main_track_leading_items)]
    CUE_CDTEXT_MESSAGE              [reduce using rule 23 (cue_main_track_leading_items)]
    CUE_CDTEXT_PERFORMER            [reduce using rule 23 (cue_main_track_leading_items)]
    CUE_CDTEXT_SIZE_INFO            [reduce using rule 23 (cue_main_track_leading_items)]
    CUE_CDTEXT_SONGWRITER           [reduce using rule 23 (cue_main_track_leading_items)]
    CUE_CDTEXT_TITLE                [reduce using rule 23 (cue_main_track_leading_items)]
    CUE_CDTEXT_TOC_INFO1            [reduce using rule 23 (cue_main_track_leading_items)]
    CUE_CDTEXT_TOC_INFO2            [reduce using rule 23 (cue_main_track_leading_items)]
    CUE_CDTEXT_UPC_EAN              [reduce using rule 23 (cue_main_track_leading_items)]
    CUE_REMARK_LEAD_OUT             [reduce using rule 23 (cue_main_track_leading_items)]
    CUE_REMARK_ORIGINAL_MEDIA_TYPE  [reduce using rule 23 (cue_main_track_leading_items)]
    CUE_REMARK_RUN_OUT              [reduce using rule 23 (cue_main_track_leading_items)]
    CUE_REMARK_SESSION              [reduce using rule 23 (cue_main_track_leading_items)]
    $default                        reduce using rule 23 (cue_main_track_leading_items)

    cue_main_track_leading_items  go to state 88
    cue_main_track_leading_item   go to state 89
    cue_cdtext                    go to state 90
    cue_cdtext_type               go to state 33
    cue_flags                     go to state 91
    cue_isrc                      go to state 92
    cue_pregap                    go to state 93
    cue_remark_item               go to state 94
    cue_lead_out                  go to state 39
    cue_original_media_type       go to state 40
    cue_remark                    go to state 41
    cue_remark_start              go to state 42
    cue_run_out                   go to state 43
    cue_session                   go to state 44
    cue_empty_line                go to state 95


State 80

   19 cue_main_track_preceding_items: cue_main_track_preceding_item cue_main_track_preceding_items .

    $default  reduce using rule 19 (cue_main_track_preceding_items)


State 81

   67 cue_file: CUE_FILE CUE_STRING CUE_KEYWORD_STRING . CUE_END_OF_LINE

    CUE_END_OF_LINE  shift, and go to state 96


State 82

    2 cue_main: cue_header_item cue_main_items cue_file cue_main_items cue_main_tracks .

    $default  reduce using rule 2 (cue_main)


State 83

   94 cue_track: CUE_TRACK CUE_2DIGIT . CUE_KEYWORD_STRING CUE_END_OF_LINE

    CUE_KEYWORD_STRING  shift, and go to state 97


State 84

   93 cue_track: CUE_TRACK CUE_KEYWORD_STRING . CUE_END_OF_LINE

    CUE_END_OF_LINE  shift, and go to state 98


State 85

   68 cue_flags: CUE_FLAGS . cue_flags_types CUE_END_OF_LINE

    CUE_KEYWORD_STRING  shift, and go to state 99

    $default  reduce using rule 69 (cue_flags_types)

    cue_flags_types  go to state 100


State 86

   75 cue_isrc: CUE_ISRC . CUE_ISRC_CODE CUE_END_OF_LINE

    CUE_ISRC_CODE  shift, and go to state 101


State 87

   80 cue_pregap: CUE_PREGAP . CUE_MSF CUE_END_OF_LINE

    CUE_MSF  shift, and go to state 102


State 88

   17 cue_main_track: cue_main_track_preceding_items cue_track cue_main_track_leading_items . cue_main_track_index_items cue_main_track_trailing_items

    CUE_END_OF_LINE                 shift, and go to state 7
    CUE_INDEX                       shift, and go to state 103
    CUE_REMARK                      shift, and go to state 12
    CUE_REMARK_LEAD_OUT             shift, and go to state 25
    CUE_REMARK_ORIGINAL_MEDIA_TYPE  shift, and go to state 26
    CUE_REMARK_RUN_OUT              shift, and go to state 27
    CUE_REMARK_SESSION              shift, and go to state 28

    CUE_END_OF_LINE                 [reduce using rule 31 (cue_main_track_index_items)]
    CUE_REMARK                      [reduce using rule 31 (cue_main_track_index_items)]
    CUE_REMARK_LEAD_OUT             [reduce using rule 31 (cue_main_track_index_items)]
    CUE_REMARK_ORIGINAL_MEDIA_TYPE  [reduce using rule 31 (cue_main_track_index_items)]
    CUE_REMARK_RUN_OUT              [reduce using rule 31 (cue_main_track_index_items)]
    CUE_REMARK_SESSION              [reduce using rule 31 (cue_main_track_index_items)]
    $default                        reduce using rule 31 (cue_main_track_index_items)

    cue_main_track_index_items  go to state 104
    cue_main_track_index_item   go to state 105
    cue_index                   go to state 106
    cue_remark_item             go to state 107
    cue_lead_out                go to state 39
    cue_original_media_type     go to state 40
    cue_remark                  go to state 41
    cue_remark_start            go to state 42
    cue_run_out                 go to state 43
    cue_session                 go to state 44
    cue_empty_line              go to state 108


State 89

   24 cue_main_track_leading_items: cue_main_track_leading_item . cue_main_track_leading_items

    CUE_END_OF_LINE                 shift, and go to state 7
    CUE_FLAGS                       shift, and go to state 85
    CUE_ISRC                        shift, and go to state 86
    CUE_PREGAP                      shift, and go to state 87
    CUE_REMARK                      shift, and go to state 12
    CUE_CDTEXT_ARRANGER             shift, and go to state 13
    CUE_CDTEXT_COMPOSER             shift, and go to state 14
    CUE_CDTEXT_DISC_ID              shift, and go to state 15
    CUE_CDTEXT_GENRE                shift, and go to state 16
    CUE_CDTEXT_MESSAGE              shift, and go to state 17
    CUE_CDTEXT_PERFORMER            shift, and go to state 18
    CUE_CDTEXT_SIZE_INFO            shift, and go to state 19
    CUE_CDTEXT_SONGWRITER           shift, and go to state 20
    CUE_CDTEXT_TITLE                shift, and go to state 21
    CUE_CDTEXT_TOC_INFO1            shift, and go to state 22
    CUE_CDTEXT_TOC_INFO2            shift, and go to state 23
    CUE_CDTEXT_UPC_EAN              shift, and go to state 24
    CUE_REMARK_LEAD_OUT             shift, and go to state 25
    CUE_REMARK_ORIGINAL_MEDIA_TYPE  shift, and go to state 26
    CUE_REMARK_RUN_OUT              shift, and go to state 27
    CUE_REMARK_SESSION              shift, and go to state 28

    CUE_END_OF_LINE                 [reduce using rule 23 (cue_main_track_leading_items)]
    CUE_REMARK                      [reduce using rule 23 (cue_main_track_leading_items)]
    CUE_CDTEXT_ARRANGER             [reduce using rule 23 (cue_main_track_leading_items)]
    CUE_CDTEXT_COMPOSER             [reduce using rule 23 (cue_main_track_leading_items)]
    CUE_CDTEXT_DISC_ID              [reduce using rule 23 (cue_main_track_leading_items)]
    CUE_CDTEXT_GENRE                [reduce using rule 23 (cue_main_track_leading_items)]
    CUE_CDTEXT_MESSAGE              [reduce using rule 23 (cue_main_track_leading_items)]
    CUE_CDTEXT_PERFORMER            [reduce using rule 23 (cue_main_track_leading_items)]
    CUE_CDTEXT_SIZE_INFO            [reduce using rule 23 (cue_main_track_leading_items)]
    CUE_CDTEXT_SONGWRITER           [reduce using rule 23 (cue_main_track_leading_items)]
    CUE_CDTEXT_TITLE                [reduce using rule 23 (cue_main_track_leading_items)]
    CUE_CDTEXT_TOC_INFO1            [reduce using rule 23 (cue_main_track_leading_items)]
    CUE_CDTEXT_TOC_INFO2            [reduce using rule 23 (cue_main_track_leading_items)]
    CUE_CDTEXT_UPC_EAN              [reduce using rule 23 (cue_main_track_leading_items)]
    CUE_REMARK_LEAD_OUT             [reduce using rule 23 (cue_main_track_leading_items)]
    CUE_REMARK_ORIGINAL_MEDIA_TYPE  [reduce using rule 23 (cue_main_track_leading_items)]
    CUE_REMARK_RUN_OUT              [reduce using rule 23 (cue_main_track_leading_items)]
    CUE_REMARK_SESSION              [reduce using rule 23 (cue_main_track_leading_items)]
    $default                        reduce using rule 23 (cue_main_track_leading_items)

    cue_main_track_leading_items  go to state 109
    cue_main_track_leading_item   go to state 89
    cue_cdtext                    go to state 90
    cue_cdtext_type               go to state 33
    cue_flags                     go to state 91
    cue_isrc                      go to state 92
    cue_pregap                    go to state 93
    cue_remark_item               go to state 94
    cue_lead_out                  go to state 39
    cue_original_media_type       go to state 40
    cue_remark                    go to state 41
    cue_remark_start              go to state 42
    cue_run_out                   go to state 43
    cue_session                   go to state 44
    cue_empty_line                go to state 95


State 90

   25 cue_main_track_leading_item: cue_cdtext .

    $default  reduce using rule 25 (cue_main_track_leading_item)


State 91

   26 cue_main_track_leading_item: cue_flags .

    $default  reduce using rule 26 (cue_main_track_leading_item)


State 92

   27 cue_main_track_leading_item: cue_isrc .

    $default  reduce using rule 27 (cue_main_track_leading_item)


State 93

   28 cue_main_track_leading_item: cue_pregap .

    $default  reduce using rule 28 (cue_main_track_leading_item)


State 94

   29 cue_main_track_leading_item: cue_remark_item .

    $default  reduce using rule 29 (cue_main_track_leading_item)


State 95

   30 cue_main_track_leading_item: cue_empty_line .

    $default  reduce using rule 30 (cue_main_track_leading_item)


State 96

   67 cue_file: CUE_FILE CUE_STRING CUE_KEYWORD_STRING CUE_END_OF_LINE .

    $default  reduce using rule 67 (cue_file)


State 97

   94 cue_track: CUE_TRACK CUE_2DIGIT CUE_KEYWORD_STRING . CUE_END_OF_LINE

    CUE_END_OF_LINE  shift, and go to state 110


State 98

   93 cue_track: CUE_TRACK CUE_KEYWORD_STRING CUE_END_OF_LINE .

    $default  reduce using rule 93 (cue_track)


State 99

   70 cue_flags_types: CUE_KEYWORD_STRING . cue_flags_types

    CUE_KEYWORD_STRING  shift, and go to state 99

    $default  reduce using rule 69 (cue_flags_types)

    cue_flags_types  go to state 111


State 100

   68 cue_flags: CUE_FLAGS cue_flags_types . CUE_END_OF_LINE

    CUE_END_OF_LINE  shift, and go to state 112


State 101

   75 cue_isrc: CUE_ISRC CUE_ISRC_CODE . CUE_END_OF_LINE

    CUE_END_OF_LINE  shift, and go to state 113


State 102

   80 cue_pregap: CUE_PREGAP CUE_MSF . CUE_END_OF_LINE

    CUE_END_OF_LINE  shift, and go to state 114


State 103

   71 cue_index: CUE_INDEX . CUE_2DIGIT CUE_MSF CUE_END_OF_LINE

    CUE_2DIGIT  shift, and go to state 115


State 104

   17 cue_main_track: cue_main_track_preceding_items cue_track cue_main_track_leading_items cue_main_track_index_items . cue_main_track_trailing_items

    CUE_END_OF_LINE                 shift, and go to state 7
    CUE_COPY                        shift, and go to state 116
    CUE_DATAFILE                    shift, and go to state 117
    CUE_FOUR_CHANNEL_AUDIO          shift, and go to state 118
    CUE_NO_COPY                     shift, and go to state 119
    CUE_NO_PRE_EMPHASIS             shift, and go to state 120
    CUE_POSTGAP                     shift, and go to state 121
    CUE_PRE_EMPHASIS                shift, and go to state 122
    CUE_REMARK                      shift, and go to state 12
    CUE_TWO_CHANNEL_AUDIO           shift, and go to state 123
    CUE_CDTEXT_ARRANGER             shift, and go to state 13
    CUE_CDTEXT_COMPOSER             shift, and go to state 14
    CUE_CDTEXT_DISC_ID              shift, and go to state 15
    CUE_CDTEXT_GENRE                shift, and go to state 16
    CUE_CDTEXT_MESSAGE              shift, and go to state 17
    CUE_CDTEXT_PERFORMER            shift, and go to state 18
    CUE_CDTEXT_SIZE_INFO            shift, and go to state 19
    CUE_CDTEXT_SONGWRITER           shift, and go to state 20
    CUE_CDTEXT_TITLE                shift, and go to state 21
    CUE_CDTEXT_TOC_INFO1            shift, and go to state 22
    CUE_CDTEXT_TOC_INFO2            shift, and go to state 23
    CUE_CDTEXT_UPC_EAN              shift, and go to state 24
    CUE_REMARK_LEAD_OUT             shift, and go to state 25
    CUE_REMARK_ORIGINAL_MEDIA_TYPE  shift, and go to state 26
    CUE_REMARK_RUN_OUT              shift, and go to state 27
    CUE_REMARK_SESSION              shift, and go to state 28

    CUE_END_OF_LINE                 [reduce using rule 36 (cue_main_track_trailing_items)]
    CUE_REMARK                      [reduce using rule 36 (cue_main_track_trailing_items)]
    CUE_REMARK_LEAD_OUT             [reduce using rule 36 (cue_main_track_trailing_items)]
    CUE_REMARK_ORIGINAL_MEDIA_TYPE  [reduce using rule 36 (cue_main_track_trailing_items)]
    CUE_REMARK_RUN_OUT              [reduce using rule 36 (cue_main_track_trailing_items)]
    CUE_REMARK_SESSION              [reduce using rule 36 (cue_main_track_trailing_items)]
    $default                        reduce using rule 36 (cue_main_track_trailing_items)

    cue_main_track_trailing_items  go to state 124
    cue_main_track_trailing_item   go to state 125
    cue_cdtext                     go to state 126
    cue_cdtext_type                go to state 33
    cue_copy                       go to state 127
    cue_datafile                   go to state 128
    cue_four_channel_audio         go to state 129
    cue_no_copy                    go to state 130
    cue_no_pre_emphasis            go to state 131
    cue_postgap                    go to state 132
    cue_pre_emphasis               go to state 133
    cue_two_channel_audio          go to state 134
    cue_remark_item                go to state 135
    cue_lead_out                   go to state 39
    cue_original_media_type        go to state 40
    cue_remark                     go to state 41
    cue_remark_start               go to state 42
    cue_run_out                    go to state 43
    cue_session                    go to state 44
    cue_empty_line                 go to state 136


State 105

   32 cue_main_track_index_items: cue_main_track_index_item . cue_main_track_index_items

    CUE_END_OF_LINE                 shift, and go to state 7
    CUE_INDEX                       shift, and go to state 103
    CUE_REMARK                      shift, and go to state 12
    CUE_REMARK_LEAD_OUT             shift, and go to state 25
    CUE_REMARK_ORIGINAL_MEDIA_TYPE  shift, and go to state 26
    CUE_REMARK_RUN_OUT              shift, and go to state 27
    CUE_REMARK_SESSION              shift, and go to state 28

    CUE_END_OF_LINE                 [reduce using rule 31 (cue_main_track_index_items)]
    CUE_REMARK                      [reduce using rule 31 (cue_main_track_index_items)]
    CUE_REMARK_LEAD_OUT             [reduce using rule 31 (cue_main_track_index_items)]
    CUE_REMARK_ORIGINAL_MEDIA_TYPE  [reduce using rule 31 (cue_main_track_index_items)]
    CUE_REMARK_RUN_OUT              [reduce using rule 31 (cue_main_track_index_items)]
    CUE_REMARK_SESSION              [reduce using rule 31 (cue_main_track_index_items)]
    $default                        reduce using rule 31 (cue_main_track_index_items)

    cue_main_track_index_items  go to state 137
    cue_main_track_index_item   go to state 105
    cue_index                   go to state 106
    cue_remark_item             go to state 107
    cue_lead_out                go to state 39
    cue_original_media_type     go to state 40
    cue_remark                  go to state 41
    cue_remark_start            go to state 42
    cue_run_out                 go to state 43
    cue_session                 go to state 44
    cue_empty_line              go to state 108


State 106

   33 cue_main_track_index_item: cue_index .

    $default  reduce using rule 33 (cue_main_track_index_item)


State 107

   34 cue_main_track_index_item: cue_remark_item .

    $default  reduce using rule 34 (cue_main_track_index_item)


State 108

   35 cue_main_track_index_item: cue_empty_line .

    $default  reduce using rule 35 (cue_main_track_index_item)


State 109

   24 cue_main_track_leading_items: cue_main_track_leading_item cue_main_track_leading_items .

    $default  reduce using rule 24 (cue_main_track_leading_items)


State 110

   94 cue_track: CUE_TRACK CUE_2DIGIT CUE_KEYWORD_STRING CUE_END_OF_LINE .

    $default  reduce using rule 94 (cue_track)


State 111

   70 cue_flags_types: CUE_KEYWORD_STRING cue_flags_types .

    $default  reduce using rule 70 (cue_flags_types)


State 112

   68 cue_flags: CUE_FLAGS cue_flags_types CUE_END_OF_LINE .

    $default  reduce using rule 68 (cue_flags)


State 113

   75 cue_isrc: CUE_ISRC CUE_ISRC_CODE CUE_END_OF_LINE .

    $default  reduce using rule 75 (cue_isrc)


State 114

   80 cue_pregap: CUE_PREGAP CUE_MSF CUE_END_OF_LINE .

    $default  reduce using rule 80 (cue_pregap)


State 115

   71 cue_index: CUE_INDEX CUE_2DIGIT . CUE_MSF CUE_END_OF_LINE

    CUE_MSF  shift, and go to state 138


State 116

   72 cue_copy: CUE_COPY . CUE_END_OF_LINE

    CUE_END_OF_LINE  shift, and go to state 139


State 117

   73 cue_datafile: CUE_DATAFILE . CUE_STRING CUE_MSF CUE_END_OF_LINE

    CUE_STRING  shift, and go to state 140


State 118

   74 cue_four_channel_audio: CUE_FOUR_CHANNEL_AUDIO . CUE_END_OF_LINE

    CUE_END_OF_LINE  shift, and go to state 141


State 119

   76 cue_no_copy: CUE_NO_COPY . CUE_END_OF_LINE

    CUE_END_OF_LINE  shift, and go to state 142


State 120

   77 cue_no_pre_emphasis: CUE_NO_PRE_EMPHASIS . CUE_END_OF_LINE

    CUE_END_OF_LINE  shift, and go to state 143


State 121

   78 cue_postgap: CUE_POSTGAP . CUE_MSF CUE_END_OF_LINE

    CUE_MSF  shift, and go to state 144


State 122

   79 cue_pre_emphasis: CUE_PRE_EMPHASIS . CUE_END_OF_LINE

    CUE_END_OF_LINE  shift, and go to state 145


State 123

   81 cue_two_channel_audio: CUE_TWO_CHANNEL_AUDIO . CUE_END_OF_LINE

    CUE_END_OF_LINE  shift, and go to state 146


State 124

   17 cue_main_track: cue_main_track_preceding_items cue_track cue_main_track_leading_items cue_main_track_index_items cue_main_track_trailing_items .

    $default  reduce using rule 17 (cue_main_track)


State 125

   37 cue_main_track_trailing_items: cue_main_track_trailing_item . cue_main_track_trailing_items

    CUE_END_OF_LINE                 shift, and go to state 7
    CUE_COPY                        shift, and go to state 116
    CUE_DATAFILE                    shift, and go to state 117
    CUE_FOUR_CHANNEL_AUDIO          shift, and go to state 118
    CUE_NO_COPY                     shift, and go to state 119
    CUE_NO_PRE_EMPHASIS             shift, and go to state 120
    CUE_POSTGAP                     shift, and go to state 121
    CUE_PRE_EMPHASIS                shift, and go to state 122
    CUE_REMARK                      shift, and go to state 12
    CUE_TWO_CHANNEL_AUDIO           shift, and go to state 123
    CUE_CDTEXT_ARRANGER             shift, and go to state 13
    CUE_CDTEXT_COMPOSER             shift, and go to state 14
    CUE_CDTEXT_DISC_ID              shift, and go to state 15
    CUE_CDTEXT_GENRE                shift, and go to state 16
    CUE_CDTEXT_MESSAGE              shift, and go to state 17
    CUE_CDTEXT_PERFORMER            shift, and go to state 18
    CUE_CDTEXT_SIZE_INFO            shift, and go to state 19
    CUE_CDTEXT_SONGWRITER           shift, and go to state 20
    CUE_CDTEXT_TITLE                shift, and go to state 21
    CUE_CDTEXT_TOC_INFO1            shift, and go to state 22
    CUE_CDTEXT_TOC_INFO2            shift, and go to state 23
    CUE_CDTEXT_UPC_EAN              shift, and go to state 24
    CUE_REMARK_LEAD_OUT             shift, and go to state 25
    CUE_REMARK_ORIGINAL_MEDIA_TYPE  shift, and go to state 26
    CUE_REMARK_RUN_OUT              shift, and go to state 27
    CUE_REMARK_SESSION              shift, and go to state 28

    CUE_END_OF_LINE                 [reduce using rule 36 (cue_main_track_trailing_items)]
    CUE_REMARK                      [reduce using rule 36 (cue_main_track_trailing_items)]
    CUE_REMARK_LEAD_OUT             [reduce using rule 36 (cue_main_track_trailing_items)]
    CUE_REMARK_ORIGINAL_MEDIA_TYPE  [reduce using rule 36 (cue_main_track_trailing_items)]
    CUE_REMARK_RUN_OUT              [reduce using rule 36 (cue_main_track_trailing_items)]
    CUE_REMARK_SESSION              [reduce using rule 36 (cue_main_track_trailing_items)]
    $default                        reduce using rule 36 (cue_main_track_trailing_items)

    cue_main_track_trailing_items  go to state 147
    cue_main_track_trailing_item   go to state 125
    cue_cdtext                     go to state 126
    cue_cdtext_type                go to state 33
    cue_copy                       go to state 127
    cue_datafile                   go to state 128
    cue_four_channel_audio         go to state 129
    cue_no_copy                    go to state 130
    cue_no_pre_emphasis            go to state 131
    cue_postgap                    go to state 132
    cue_pre_emphasis               go to state 133
    cue_two_channel_audio          go to state 134
    cue_remark_item                go to state 135
    cue_lead_out                   go to state 39
    cue_original_media_type        go to state 40
    cue_remark                     go to state 41
    cue_remark_start               go to state 42
    cue_run_out                    go to state 43
    cue_session                    go to state 44
    cue_empty_line                 go to state 136


State 126

   38 cue_main_track_trailing_item: cue_cdtext .

    $default  reduce using rule 38 (cue_main_track_trailing_item)


State 127

   39 cue_main_track_trailing_item: cue_copy .

    $default  reduce using rule 39 (cue_main_track_trailing_item)


State 128

   40 cue_main_track_trailing_item: cue_datafile .

    $default  reduce using rule 40 (cue_main_track_trailing_item)


State 129

   41 cue_main_track_trailing_item: cue_four_channel_audio .

    $default  reduce using rule 41 (cue_main_track_trailing_item)


State 130

   42 cue_main_track_trailing_item: cue_no_copy .

    $default  reduce using rule 42 (cue_main_track_trailing_item)


State 131

   43 cue_main_track_trailing_item: cue_no_pre_emphasis .

    $default  reduce using rule 43 (cue_main_track_trailing_item)


State 132

   44 cue_main_track_trailing_item: cue_postgap .

    $default  reduce using rule 44 (cue_main_track_trailing_item)


State 133

   45 cue_main_track_trailing_item: cue_pre_emphasis .

    $default  reduce using rule 45 (cue_main_track_trailing_item)


State 134

   46 cue_main_track_trailing_item: cue_two_channel_audio .

    $default  reduce using rule 46 (cue_main_track_trailing_item)


State 135

   47 cue_main_track_trailing_item: cue_remark_item .

    $default  reduce using rule 47 (cue_main_track_trailing_item)


State 136

   48 cue_main_track_trailing_item: cue_empty_line .

    $default  reduce using rule 48 (cue_main_track_trailing_item)


State 137

   32 cue_main_track_index_items: cue_main_track_index_item cue_main_track_index_items .

    $default  reduce using rule 32 (cue_main_track_index_items)


State 138

   71 cue_index: CUE_INDEX CUE_2DIGIT CUE_MSF . CUE_END_OF_LINE

    CUE_END_OF_LINE  shift, and go to state 148


State 139

   72 cue_copy: CUE_COPY CUE_END_OF_LINE .

    $default  reduce using rule 72 (cue_copy)


State 140

   73 cue_datafile: CUE_DATAFILE CUE_STRING . CUE_MSF CUE_END_OF_LINE

    CUE_MSF  shift, and go to state 149


State 141

   74 cue_four_channel_audio: CUE_FOUR_CHANNEL_AUDIO CUE_END_OF_LINE .

    $default  reduce using rule 74 (cue_four_channel_audio)


State 142

   76 cue_no_copy: CUE_NO_COPY CUE_END_OF_LINE .

    $default  reduce using rule 76 (cue_no_copy)


State 143

   77 cue_no_pre_emphasis: CUE_NO_PRE_EMPHASIS CUE_END_OF_LINE .

    $default  reduce using rule 77 (cue_no_pre_emphasis)


State 144

   78 cue_postgap: CUE_POSTGAP CUE_MSF . CUE_END_OF_LINE

    CUE_END_OF_LINE  shift, and go to state 150


State 145

   79 cue_pre_emphasis: CUE_PRE_EMPHASIS CUE_END_OF_LINE .

    $default  reduce using rule 79 (cue_pre_emphasis)


State 146

   81 cue_two_channel_audio: CUE_TWO_CHANNEL_AUDIO CUE_END_OF_LINE .

    $default  reduce using rule 81 (cue_two_channel_audio)


State 147

   37 cue_main_track_trailing_items: cue_main_track_trailing_item cue_main_track_trailing_items .

    $default  reduce using rule 37 (cue_main_track_trailing_items)


State 148

   71 cue_index: CUE_INDEX CUE_2DIGIT CUE_MSF CUE_END_OF_LINE .

    $default  reduce using rule 71 (cue_index)


State 149

   73 cue_datafile: CUE_DATAFILE CUE_STRING CUE_MSF . CUE_END_OF_LINE

    CUE_END_OF_LINE  shift, and go to state 151


State 150

   78 cue_postgap: CUE_POSTGAP CUE_MSF CUE_END_OF_LINE .

    $default  reduce using rule 78 (cue_postgap)


State 151

   73 cue_datafile: CUE_DATAFILE CUE_STRING CUE_MSF CUE_END_OF_LINE .

    $default  reduce using rule 73 (cue_datafile)
